launcher/build/intermediates/manifest_merge_blame_file/debug/manifest-merger-blame-debug-report.txt
1<?xml version="1.0" encoding="utf-8"?>
2<manifest xmlns:android="http://schemas.android.com/apk/res/android"
3    package="com.DefaultCompany.FinalProject"
4    android:installLocation="preferExternal"
5    android:versionCode="1"
6    android:versionName="0.1" >
7
8    <uses-sdk
9        android:minSdkVersion="24"
9-->src\main\AndroidManifest.xml
10        android:targetSdkVersion="28" />
10-->src\main\AndroidManifest.xml
11
12    <supports-screens
12-->src\main\AndroidManifest.xml:7:5-12:40
13        android:anyDensity="true"
13-->src\main\AndroidManifest.xml:8:9-34
14        android:largeScreens="true"
14-->src\main\AndroidManifest.xml:9:9-36
15        android:normalScreens="true"
15-->src\main\AndroidManifest.xml:10:9-37
16        android:smallScreens="true"
16-->src\main\AndroidManifest.xml:11:9-36
17        android:xlargeScreens="true" />
17-->src\main\AndroidManifest.xml:12:9-37
18
19    <uses-feature android:glEsVersion="0x00020000" />
19-->[:unityLibrary] AndroidManifest.xml:13:5-54
19-->[:unityLibrary] AndroidManifest.xml:13:19-51
20
21    <uses-permission android:name="android.permission.INTERNET" />
21-->[:unityLibrary] AndroidManifest.xml:15:5-67
21-->[:unityLibrary] AndroidManifest.xml:15:22-64
22
23    <uses-feature
23-->[:unityLibrary] AndroidManifest.xml:17:5-19:36
24        android:name="android.hardware.touchscreen"
24-->[:unityLibrary] AndroidManifest.xml:18:9-52
25        android:required="false" />
25-->[:unityLibrary] AndroidManifest.xml:19:9-33
26    <uses-feature
26-->[:unityLibrary] AndroidManifest.xml:20:5-22:36
27        android:name="android.hardware.touchscreen.multitouch"
27-->[:unityLibrary] AndroidManifest.xml:21:9-63
28        android:required="false" />
28-->[:unityLibrary] AndroidManifest.xml:22:9-33
29    <uses-feature
29-->[:unityLibrary] AndroidManifest.xml:23:5-25:36
30        android:name="android.hardware.touchscreen.multitouch.distinct"
30-->[:unityLibrary] AndroidManifest.xml:24:9-72
31        android:required="false" />
31-->[:unityLibrary] AndroidManifest.xml:25:9-33
32
33    <application
33-->src\main\AndroidManifest.xml:14:5-26:19
34        android:appComponentFactory="android.support.v4.app.CoreComponentFactory"
34-->[com.android.support:support-compat:28.0.0] AndroidManifest.xml:22:18-91
35        android:debuggable="true"
36        android:icon="@mipmap/app_icon"
36-->src\main\AndroidManifest.xml:15:9-40
37        android:label="@string/app_name"
37-->src\main\AndroidManifest.xml:16:9-41
38        android:testOnly="true"
39        android:theme="@style/Theme.AppCompat" >
39-->src\main\AndroidManifest.xml:17:9-47
40        <activity android:name="com.DefaultCompany.FinalProject.MainActivity" >
40-->src\main\AndroidManifest.xml:19:9-25:20
40-->src\main\AndroidManifest.xml:19:19-47
41            <intent-filter>
41-->src\main\AndroidManifest.xml:20:13-24:29
42                <action android:name="android.intent.action.MAIN" />
42-->src\main\AndroidManifest.xml:21:17-22:23
42-->src\main\AndroidManifest.xml:21:25-66
43
44                <category android:name="android.intent.category.LAUNCHER" />
44-->src\main\AndroidManifest.xml:23:17-77
44-->src\main\AndroidManifest.xml:23:27-74
45            </intent-filter>
46        </activity>
47        <activity
47-->[:unityLibrary] AndroidManifest.xml:28:9-41:20
48            android:name="com.unity3d.player.UnityPlayerActivity"
48-->[:unityLibrary] AndroidManifest.xml:29:13-66
49            android:configChanges="mcc|mnc|locale|touchscreen|keyboard|keyboardHidden|navigation|orientation|screenLayout|uiMode|screenSize|smallestScreenSize|fontScale|layoutDirection|density"
49-->[:unityLibrary] AndroidManifest.xml:30:13-194
50            android:hardwareAccelerated="false"
50-->[:unityLibrary] AndroidManifest.xml:31:13-48
51            android:launchMode="singleTask"
51-->[:unityLibrary] AndroidManifest.xml:32:13-44
52            android:screenOrientation="fullSensor"
52-->[:unityLibrary] AndroidManifest.xml:33:13-51
53            android:theme="@style/UnityThemeSelector" >
53-->[:unityLibrary] AndroidManifest.xml:34:13-54
54            <meta-data
54-->[:unityLibrary] AndroidManifest.xml:35:13-37:40
55                android:name="unityplayer.UnityActivity"
55-->[:unityLibrary] AndroidManifest.xml:36:17-57
56                android:value="true" />
56-->[:unityLibrary] AndroidManifest.xml:37:17-37
57            <meta-data
57-->[:unityLibrary] AndroidManifest.xml:38:13-40:40
58                android:name="android.notch_support"
58-->[:unityLibrary] AndroidManifest.xml:39:17-53
59                android:value="true" />
59-->[:unityLibrary] AndroidManifest.xml:40:17-37
60        </activity>
61
62        <meta-data
62-->[:unityLibrary] AndroidManifest.xml:43:9-45:33
63            android:name="unity.splash-mode"
63-->[:unityLibrary] AndroidManifest.xml:44:13-45
64            android:value="0" />
64-->[:unityLibrary] AndroidManifest.xml:45:13-30
65        <meta-data
65-->[:unityLibrary] AndroidManifest.xml:46:9-48:36
66            android:name="unity.splash-enable"
66-->[:unityLibrary] AndroidManifest.xml:47:13-47
67            android:value="True" />
67-->[:unityLibrary] AndroidManifest.xml:48:13-33
68        <meta-data
68-->[:unityLibrary] AndroidManifest.xml:49:9-51:50
69            android:name="notch.config"
69-->[:unityLibrary] AndroidManifest.xml:50:13-40
70            android:value="portrait|landscape" />
70-->[:unityLibrary] AndroidManifest.xml:51:13-47
71        <meta-data
71-->[:unityLibrary] AndroidManifest.xml:52:9-54:68
72            android:name="unity.build-id"
72-->[:unityLibrary] AndroidManifest.xml:53:13-42
73            android:value="2f59c63e-7ca7-48b5-8333-25b071f285b0" />
73-->[:unityLibrary] AndroidManifest.xml:54:13-65
74    </application>
75
76</manifest>